<?xml version="1.0" encoding="UTF-8"?>
<testng-results ignored="0" total="3" passed="3" failed="0" skipped="0">
  <reporter-output>
  </reporter-output>
  <suite started-at="2023-03-21T14:41:30Z" name="MyTestSuite" finished-at="2023-03-21T14:41:53Z" duration-ms="22424">
    <groups>
    </groups>
    <test started-at="2023-03-21T14:41:30Z" name="ChromeTest" finished-at="2023-03-21T14:41:53Z" duration-ms="22424">
      <class name="testCases.ManageSliderPageTestCases">
        <test-method is-config="true" signature="beforeMethod(java.lang.String)[pri:0, instance:testCases.ManageSliderPageTestCases@17046283]" started-at="2023-03-21T14:41:30Z" name="beforeMethod" finished-at="2023-03-21T14:41:35Z" duration-ms="4653" status="PASS">
          <params>
            <param index="0">
              <value>
                <![CDATA[Chrome]]>
              </value>
            </param>
          </params>
          <reporter-output>
          </reporter-output>
        </test-method> <!-- beforeMethod -->
        <test-method signature="verifyAdminCanAddNewSlider()[pri:0, instance:testCases.ManageSliderPageTestCases@17046283]" started-at="2023-03-21T14:41:35Z" name="verifyAdminCanAddNewSlider" finished-at="2023-03-21T14:41:41Z" duration-ms="5602" status="PASS">
          <reporter-output>
          </reporter-output>
        </test-method> <!-- verifyAdminCanAddNewSlider -->
        <test-method is-config="true" signature="afterMethod(org.testng.ITestResult)[pri:0, instance:testCases.ManageSliderPageTestCases@17046283]" started-at="2023-03-21T14:41:41Z" name="afterMethod" finished-at="2023-03-21T14:41:41Z" duration-ms="250" status="PASS">
          <params>
            <param index="0">
              <value>
                <![CDATA[[TestResult name=verifyAdminCanAddNewSlider status=SUCCESS method=ManageSliderPageTestCases.verifyAdminCanAddNewSlider()[pri:0, instance:testCases.ManageSliderPageTestCases@17046283] output={null}]]]>
              </value>
            </param>
          </params>
          <reporter-output>
          </reporter-output>
        </test-method> <!-- afterMethod -->
        <test-method is-config="true" signature="beforeMethod(java.lang.String)[pri:0, instance:testCases.ManageSliderPageTestCases@17046283]" started-at="2023-03-21T14:41:41Z" name="beforeMethod" finished-at="2023-03-21T14:41:43Z" duration-ms="2386" status="PASS">
          <params>
            <param index="0">
              <value>
                <![CDATA[Chrome]]>
              </value>
            </param>
          </params>
          <reporter-output>
          </reporter-output>
        </test-method> <!-- beforeMethod -->
        <test-method signature="verifyAdminCanChangeTheStatusOfALinkInManageSliderPage()[pri:0, instance:testCases.ManageSliderPageTestCases@17046283]" started-at="2023-03-21T14:41:43Z" name="verifyAdminCanChangeTheStatusOfALinkInManageSliderPage" finished-at="2023-03-21T14:41:49Z" duration-ms="5531" status="PASS">
          <reporter-output>
          </reporter-output>
        </test-method> <!-- verifyAdminCanChangeTheStatusOfALinkInManageSliderPage -->
        <test-method is-config="true" signature="afterMethod(org.testng.ITestResult)[pri:0, instance:testCases.ManageSliderPageTestCases@17046283]" started-at="2023-03-21T14:41:49Z" name="afterMethod" finished-at="2023-03-21T14:41:49Z" duration-ms="271" status="PASS">
          <params>
            <param index="0">
              <value>
                <![CDATA[[TestResult name=verifyAdminCanChangeTheStatusOfALinkInManageSliderPage status=SUCCESS method=ManageSliderPageTestCases.verifyAdminCanChangeTheStatusOfALinkInManageSliderPage()[pri:0, instance:testCases.ManageSliderPageTestCases@17046283] output={null}]]]>
              </value>
            </param>
          </params>
          <reporter-output>
          </reporter-output>
        </test-method> <!-- afterMethod -->
        <test-method is-config="true" signature="beforeMethod(java.lang.String)[pri:0, instance:testCases.ManageSliderPageTestCases@17046283]" started-at="2023-03-21T14:41:49Z" name="beforeMethod" finished-at="2023-03-21T14:41:51Z" duration-ms="2258" status="PASS">
          <params>
            <param index="0">
              <value>
                <![CDATA[Chrome]]>
              </value>
            </param>
          </params>
          <reporter-output>
          </reporter-output>
        </test-method> <!-- beforeMethod -->
        <test-method signature="verifyBagroundColorOfRestButton()[pri:0, instance:testCases.ManageSliderPageTestCases@17046283]" started-at="2023-03-21T14:41:51Z" name="verifyBagroundColorOfRestButton" finished-at="2023-03-21T14:41:53Z" duration-ms="1218" status="PASS">
          <reporter-output>
          </reporter-output>
        </test-method> <!-- verifyBagroundColorOfRestButton -->
        <test-method is-config="true" signature="afterMethod(org.testng.ITestResult)[pri:0, instance:testCases.ManageSliderPageTestCases@17046283]" started-at="2023-03-21T14:41:53Z" name="afterMethod" finished-at="2023-03-21T14:41:53Z" duration-ms="233" status="PASS">
          <params>
            <param index="0">
              <value>
                <![CDATA[[TestResult name=verifyBagroundColorOfRestButton status=SUCCESS method=ManageSliderPageTestCases.verifyBagroundColorOfRestButton()[pri:0, instance:testCases.ManageSliderPageTestCases@17046283] output={null}]]]>
              </value>
            </param>
          </params>
          <reporter-output>
          </reporter-output>
        </test-method> <!-- afterMethod -->
      </class> <!-- testCases.ManageSliderPageTestCases -->
    </test> <!-- ChromeTest -->
  </suite> <!-- MyTestSuite -->
</testng-results>
