<?xml version="1.0" encoding="UTF-8"?>
<!-- Generated by org.testng.reporters.JUnitXMLReporter -->
<testsuite ignored="0" hostname="DESKTOP-B5NHARB" failures="0" tests="3" name="ChromeTest" time="22.424" errors="0" timestamp="21 Mar 2023 14:41:53 GMT">
  <testcase classname="testCases.ManageSliderPageTestCases" name="verifyAdminCanAddNewSlider" time="5.602"/>
  <testcase classname="testCases.ManageSliderPageTestCases" name="verifyAdminCanChangeTheStatusOfALinkInManageSliderPage" time="5.531"/>
  <testcase classname="testCases.ManageSliderPageTestCases" name="verifyBagroundColorOfRestButton" time="1.218"/>
</testsuite> <!-- ChromeTest -->
