<?xml version="1.0" encoding="UTF-8"?>
<!-- Generated by org.testng.reporters.JUnitXMLReporter -->
<testsuite ignored="0" hostname="DESKTOP-B5NHARB" failures="0" tests="3" name="ChromeTest" time="20.994" errors="0" timestamp="21 Mar 2023 15:40:50 GMT">
  <testcase classname="testCases.ManageSliderPageTestCases" name="verifyAdminCanAddNewSlider" time="4.964"/>
  <testcase classname="testCases.ManageSliderPageTestCases" name="verifyAdminCanChangeTheStatusOfALinkInManageSliderPage" time="5.322"/>
  <testcase classname="testCases.ManageSliderPageTestCases" name="verifyBagroundColorOfRestButton" time="1.224"/>
</testsuite> <!-- ChromeTest -->
