<?xml version="1.0" encoding="UTF-8"?>
<!-- Generated by org.testng.reporters.JUnitXMLReporter -->
<testsuite hostname="DESKTOP-B5NHARB" ignored="0" name="EdgeTest" tests="6" failures="0" timestamp="06 Mar 2023 13:39:25 GMT" time="50.751" errors="0">
  <testcase name="verifyCheckboxRemeneberMeIsSelected" time="0.201" classname="testCases.LoginPageTestCases"/>
  <testcase name="verifyLoginWithInvalidCredentials" time="1.13" classname="testCases.LoginPageTestCases"/>
  <testcase name="verifyLoginWithValidCredentials" time="2.578" classname="testCases.LoginPageTestCases"/>
  <testcase name="verifyTheBacgrooundColourOfSignInButton" time="0.035" classname="testCases.LoginPageTestCases"/>
  <testcase name="verifyTheTextOfSignInButton" time="0.043" classname="testCases.LoginPageTestCases"/>
  <testcase name="verifyTheTextOftitle7MartSupermarket" time="0.046" classname="testCases.LoginPageTestCases"/>
</testsuite> <!-- EdgeTest -->
