<?xml version="1.0" encoding="UTF-8"?>
<!-- Generated by org.testng.reporters.JUnitXMLReporter -->
<testsuite ignored="0" hostname="DESKTOP-B5NHARB" failures="0" tests="3" name="SmokeTest" time="16.833" errors="0" timestamp="21 Mar 2023 15:41:32 GMT">
  <testcase classname="testCases.AdminPageTestCases" name="verifyAdminCanAccesExpenceCAtegoryPage" time="4.938"/>
  <testcase classname="testCases.AdminPageTestCases" name="verifyLogoutButton" time="1.42"/>
  <testcase classname="testCases.AdminPageTestCases" name="verifyingPageTiTleOfAdminHomePage" time="0.843"/>
</testsuite> <!-- SmokeTest -->
